$ telnet 172.20.0.1 25
Trying 172.20.0.1...
Connected to 172.20.0.1.
Escape character is '^]'.
220 host.example.org ESMTP Sendmail 8.14.7/8.14.7; Tue, 28 Sep 2021 06:19:50 GMT
EHLO test
250-host.example.org Hello TP-X250 [172.20.0.1] (may be forged), pleased to meet you
250-ENHANCEDSTATUSCODES
250-PIPELINING
250-8BITMIME
250-SIZE
250-DSN
250-ETRN
250-DELIVERBY
250 HELP
VRFY root
252 2.5.2 Cannot VRFY user; try RCPT to attempt delivery (or try finger)
VRFY root@localhost
252 2.5.2 Cannot VRFY user; try RCPT to attempt delivery (or try finger)
VRFY root@host.example.org
252 2.5.2 Cannot VRFY user; try RCPT to attempt delivery (or try finger)
VRFY root@miss.example.org
252 2.5.2 Cannot VRFY user; try RCPT to attempt delivery (or try finger)
VRFY root@host.miss.org
252 2.5.2 Cannot VRFY user; try RCPT to attempt delivery (or try finger)
VRFY root@host
252 2.5.2 Cannot VRFY user; try RCPT to attempt delivery (or try finger)
VRFY root@miss
252 2.5.2 Cannot VRFY user; try RCPT to attempt delivery (or try finger)
VRFY root@example.org
252 2.5.2 Cannot VRFY user; try RCPT to attempt delivery (or try finger)
VRFY root@miss.org
252 2.5.2 Cannot VRFY user; try RCPT to attempt delivery (or try finger)
VRFY postmaster
252 2.5.2 Cannot VRFY user; try RCPT to attempt delivery (or try finger)
VRFY postmaster@localhost
252 2.5.2 Cannot VRFY user; try RCPT to attempt delivery (or try finger)
VRFY postmaster@host.example.org
252 2.5.2 Cannot VRFY user; try RCPT to attempt delivery (or try finger)
VRFY postmaster@miss.example.org
252 2.5.2 Cannot VRFY user; try RCPT to attempt delivery (or try finger)
VRFY postmaster@host.miss.org
252 2.5.2 Cannot VRFY user; try RCPT to attempt delivery (or try finger)
VRFY postmaster@host
252 2.5.2 Cannot VRFY user; try RCPT to attempt delivery (or try finger)
VRFY postmaster@miss
252 2.5.2 Cannot VRFY user; try RCPT to attempt delivery (or try finger)
VRFY postmaster@example.org
252 2.5.2 Cannot VRFY user; try RCPT to attempt delivery (or try finger)
VRFY postmaster@miss.org
252 2.5.2 Cannot VRFY user; try RCPT to attempt delivery (or try finger)
VRFY random2525
252 2.5.2 Cannot VRFY user; try RCPT to attempt delivery (or try finger)
VRFY random2525@localhost
252 2.5.2 Cannot VRFY user; try RCPT to attempt delivery (or try finger)
VRFY random2525@host.example.org
252 2.5.2 Cannot VRFY user; try RCPT to attempt delivery (or try finger)
VRFY random2525@miss.example.org
252 2.5.2 Cannot VRFY user; try RCPT to attempt delivery (or try finger)
VRFY random2525@host.miss.org
252 2.5.2 Cannot VRFY user; try RCPT to attempt delivery (or try finger)
VRFY random2525@host
252 2.5.2 Cannot VRFY user; try RCPT to attempt delivery (or try finger)
VRFY random2525@miss
252 2.5.2 Cannot VRFY user; try RCPT to attempt delivery (or try finger)
VRFY random2525@example.org
252 2.5.2 Cannot VRFY user; try RCPT to attempt delivery (or try finger)
VRFY random2525@miss.org
252 2.5.2 Cannot VRFY user; try RCPT to attempt delivery (or try finger)
EXPN root
502 5.7.0 Sorry, we do not allow this operation
EXPN root@localhost
502 5.7.0 Sorry, we do not allow this operation
EXPN root@host.example.org
502 5.7.0 Sorry, we do not allow this operation
EXPN root@miss.example.org
502 5.7.0 Sorry, we do not allow this operation
EXPN root@host.miss.org
502 5.7.0 Sorry, we do not allow this operation
EXPN root@host
502 5.7.0 Sorry, we do not allow this operation
EXPN root@miss
502 5.7.0 Sorry, we do not allow this operation
EXPN root@example.org
502 5.7.0 Sorry, we do not allow this operation
EXPN root@miss.org
502 5.7.0 Sorry, we do not allow this operation
EXPN postmaster
502 5.7.0 Sorry, we do not allow this operation
EXPN postmaster@localhost
502 5.7.0 Sorry, we do not allow this operation
EXPN postmaster@host.example.org
502 5.7.0 Sorry, we do not allow this operation
EXPN postmaster@miss.example.org
502 5.7.0 Sorry, we do not allow this operation
EXPN postmaster@host.miss.org
502 5.7.0 Sorry, we do not allow this operation
EXPN postmaster@host
502 5.7.0 Sorry, we do not allow this operation
EXPN postmaster@miss
502 5.7.0 Sorry, we do not allow this operation
EXPN postmaster@example.org
502 5.7.0 Sorry, we do not allow this operation
EXPN postmaster@miss.org
502 5.7.0 Sorry, we do not allow this operation
EXPN random2525
502 5.7.0 Sorry, we do not allow this operation
EXPN random2525@localhost
502 5.7.0 Sorry, we do not allow this operation
EXPN random2525@host.example.org
502 5.7.0 Sorry, we do not allow this operation
EXPN random2525@miss.example.org
502 5.7.0 Sorry, we do not allow this operation
EXPN random2525@host.miss.org
502 5.7.0 Sorry, we do not allow this operation
EXPN random2525@host   
502 5.7.0 Sorry, we do not allow this operation
EXPN random2525@miss
502 5.7.0 Sorry, we do not allow this operation
EXPN random2525@example.org
502 5.7.0 Sorry, we do not allow this operation
EXPN random2525@miss.org
502 5.7.0 Sorry, we do not allow this operation
^]
telnet> q
Connection closed.
