$ telnet 172.21.0.1 25
Trying 172.21.0.1...
Connected to 172.21.0.1.
Escape character is '^]'.
220 host.example.org ESMTP Exim 4.94.2 Tue, 28 Sep 2021 08:03:26 +0000
EHLO test
250-host.example.org Hello tp-x250.local [172.21.0.1]
250-SIZE 52428800
250-8BITMIME
250-VRFY
250-EXPN
250-PIPELINING
250-PIPE_CONNECT
250-CHUNKING
250-STARTTLS
250-PRDR
250 HELP
VRFY root
501 root: recipient address must contain a domain
VRFY root@localhost
250 <root@localhost> is deliverable
VRFY root@host.example.org
250 <root@host.example.org> is deliverable
VRFY root@miss.example.org
550 <root@miss.example.org> Unrouteable address
VRFY root@host.miss.org
250 <root@host.miss.org> is deliverable
VRFY root@host
451 Cannot resolve <root@host> at this time
VRFY root@host
451 Cannot resolve <root@host> at this time
VRFY root@miss
550 <root@miss> Unrouteable address
VRFY root@example.org
250 <root@example.org> is deliverable
VRFY root@miss.org
250 <root@miss.org> is deliverable
VRFY postmaster
250 <postmaster@example.org> is deliverable
VRFY postmaster@localhost
250 <postmaster@localhost> is deliverable
VRFY postmaster@host.example.org
250 <postmaster@host.example.org> is deliverable
VRFY postmaster@miss.example.org
550 <postmaster@miss.example.org> Unrouteable address
VRFY postmaster@host.miss.org
250 <postmaster@host.miss.org> is deliverable
VRFY postmaster@host
451 Cannot resolve <postmaster@host> at this time
VRFY postmaster@host
451 Cannot resolve <postmaster@host> at this time
VRFY postmaster@miss
550 <postmaster@miss> Unrouteable address
VRFY postmaster@example.org
250 <postmaster@example.org> is deliverable
VRFY postmaster@miss.org
250 <postmaster@miss.org> is deliverable
VRFY random2525
501 random2525: recipient address must contain a domain
VRFY random2525@localhost
250 <random2525@localhost> is deliverable
VRFY random2525@host.example.org
550 <random2525@host.example.org> Unknown user
VRFY random2525@miss.example.org
550 <random2525@miss.example.org> Unrouteable address
VRFY random2525@host.miss.org
250 <random2525@host.miss.org> is deliverable
VRFY random2525@host
451 Cannot resolve <random2525@host> at this time
VRFY random2525@host
451 Cannot resolve <random2525@host> at this time
VRFY random2525@miss
550 <random2525@miss> Unrouteable address
VRFY random2525@example.org
550 <random2525@example.org> Unknown user
VRFY random2525@miss.org
250 <random2525@miss.org> is deliverable
EXPN root
250 <root@example.org>
EXPN root@localhost
250 <root@localhost>
EXPN root@host.example.org
250 <root@host.example.org>
EXPN root@miss.example.org
553 root@miss.example.org is undeliverable
EXPN root@host.miss.org
250 <root@host.miss.org>
EXPN root@host
553 root@host cannot be resolved at this time
EXPN root@miss
553 root@miss is undeliverable
EXPN root@example.org
250 <root@example.org>
EXPN root@miss.org
250 <root@miss.org>
EXPN postmaster
250 <root@example.org>
EXPN postmaster@localhost
250 <postmaster@localhost>
EXPN postmaster@host.example.org
250 <root@example.org>
EXPN postmaster@miss.example.org
553 postmaster@miss.example.org is undeliverable
EXPN postmaster@host.miss.org
250 <postmaster@host.miss.org>
EXPN postmaster@host
553 postmaster@host cannot be resolved at this time
EXPN postmaster@miss
553 postmaster@miss is undeliverable
EXPN postmaster@example.org
250 <root@example.org>
EXPN postmaster@miss.org
250 <postmaster@miss.org>
EXPN random2525
553 random2525@example.org is undeliverable
EXPN random2525@localhost
250 <random2525@localhost>
EXPN random2525@host.example.org
553 random2525@host.example.org is undeliverable
EXPN random2525@miss.example.org
553 random2525@miss.example.org is undeliverable
EXPN random2525@host.miss.org
250 <random2525@host.miss.org>
EXPN random2525@host
553 random2525@host cannot be resolved at this time
EXPN random2525@miss
553 random2525@miss is undeliverable
EXPN random2525@example.org
553 random2525@example.org is undeliverable
EXPN random2525@miss.org
250 <random2525@miss.org>
221 host.example.org closing connection
Connection closed by foreign host.
